{
  "RSpec": {
    "coverage": {
      "/Users/Simon/Projects/tech-tests/fakebook_app/spec/features/add_recipient_spec.rb": [
        1,
        1,
        1,
        1,
        1,
        null,
        null
      ],
      "/Users/Simon/Projects/tech-tests/fakebook_app/spec/features/authentication_spec.rb": [
        1,
        1,
        1,
        1,
        null,
        null
      ],
      "/Users/Simon/Projects/tech-tests/fakebook_app/spec/unit/api_spec.rb": [
        1,
        1,
        1,
        null,
        1,
        1,
        null,
        1,
        4,
        null,
        2,
        null,
        1,
        1,
        1,
        1,
        null,
        null,
        1,
        1,
        1,
        null,
        null,
        null
      ]
    },
    "timestamp": 1508949934
  }
}
